<?xml version="1.0" encoding="UTF-8"?>
<!-- Generated by org.testng.reporters.JUnitXMLReporter -->
<testsuite ignored="0" hostname="Yasmin" failures="1" tests="1" name="MyTest" time="7.291" errors="0" timestamp="2023-10-29T13:30:30 EDT">
  <testcase classname="com.automation.tests.scripts.FirebaseAutomationScript" name="login_to_firebase" time="1.18">
    <failure type="java.lang.NullPointerException" message="Cannot invoke &amp;quot;org.apache.logging.log4j.Logger.info(String)&amp;quot; because &amp;quot;com.automation.pages.base.BasePage.myLog&amp;quot; is null">
      <![CDATA[java.lang.NullPointerException: Cannot invoke "org.apache.logging.log4j.Logger.info(String)" because "com.automation.pages.base.BasePage.myLog" is null
at com.automation.pages.base.BasePage.getTextFromElement(BasePage.java:48)
at com.automation.pages.home.HomePage.getTextFromStudentRegistrationFormText(HomePage.java:24)
at com.automation.tests.scripts.FirebaseAutomationScript.login_to_firebase(FirebaseAutomationScript.java:37)
at java.base/java.util.ArrayList.forEach(ArrayList.java:1511)
... Removed 27 stack frames]]>
    </failure>
  </testcase> <!-- login_to_firebase -->
</testsuite> <!-- MyTest -->
